<?xml version="1.0" encoding="UTF-8"?>
<testsuite xmlns:xsi="http://www.w3.org/2001/XMLSchema-instance" xsi:noNamespaceSchemaLocation="https://maven.apache.org/surefire/maven-surefire-plugin/xsd/surefire-test-report.xsd" version="3.0.2" name="br.univille.projfabsoft.ProjfabsoftApplicationTests" time="4.898" tests="1" errors="0" skipped="0" failures="0">
  <properties>
[...]
</properties>
  <testcase name="contextLoads" classname="br.univille.projfabsoft.ProjfabsoftApplicationTests" time="0.473">
    <system-out><![CDATA[22:02:40.943 [main] INFO org.springframework.test.context.support.AnnotationConfigContextLoaderUtils -- Could not detect default configuration classes for test class [br.univille.projfabsoft.ProjfabsoftApplicationTests]: ProjfabsoftApplicationTests does not declare any static, non-private, non-final, nested classes annotated with @Configuration.
22:02:41.060 [main] INFO org.springframework.boot.test.context.SpringBootTestContextBootstrapper -- Found @SpringBootConfiguration br.univille.projfabsoft.ProjfabsoftApplication for test class br.univille.projfabsoft.ProjfabsoftApplicationTests
22:02:41.192 [main] INFO org.springframework.boot.devtools.restart.RestartApplicationListener -- Restart disabled due to context in which it is running

  .   ____          _            __ _ _
 /\\ / ___'_ __ _ _(_)_ __  __ _ \ \ \ \
( ( )\___ | '_ | '_| | '_ \/ _` | \ \ \ \
 \\/  ___)| |_)| | | | | || (_| |  ) ) ) )
  '  |____| .__|_| |_|_| |_\__, | / / / /
 =========|_|==============|___/=/_/_/_/

 :: Spring Boot ::                (v3.4.4)

2025-04-07T22:02:41.493-03:00  INFO 5556 --- [Projfabsoft] [           main] b.u.p.ProjfabsoftApplicationTests        : Starting ProjfabsoftApplicationTests using Java 23.0.2 with PID 5556 (started by 1144006903 in c:\Users\1144006903\Desktop\fabsoft-2025-1-b\projfabsoft)
2025-04-07T22:02:41.495-03:00  INFO 5556 --- [Projfabsoft] [           main] b.u.p.ProjfabsoftApplicationTests        : No active profile set, falling back to 1 default profile: "default"
2025-04-07T22:02:42.263-03:00  INFO 5556 --- [Projfabsoft] [           main] .s.d.r.c.RepositoryConfigurationDelegate : Bootstrapping Spring Data JPA repositories in DEFAULT mode.
2025-04-07T22:02:42.276-03:00  INFO 5556 --- [Projfabsoft] [           main] .s.d.r.c.RepositoryConfigurationDelegate : Finished Spring Data repository scanning in 9 ms. Found 0 JPA repository interfaces.
2025-04-07T22:02:42.778-03:00  INFO 5556 --- [Projfabsoft] [           main] o.hibernate.jpa.internal.util.LogHelper  : HHH000204: Processing PersistenceUnitInfo [name: default]
2025-04-07T22:02:42.860-03:00  INFO 5556 --- [Projfabsoft] [           main] org.hibernate.Version                    : HHH000412: Hibernate ORM core version 6.6.11.Final
2025-04-07T22:02:42.898-03:00  INFO 5556 --- [Projfabsoft] [           main] o.h.c.internal.RegionFactoryInitiator    : HHH000026: Second-level cache disabled
2025-04-07T22:02:43.160-03:00  INFO 5556 --- [Projfabsoft] [           main] o.s.o.j.p.SpringPersistenceUnitInfo      : No LoadTimeWeaver setup: ignoring JPA class transformer
2025-04-07T22:02:43.198-03:00  INFO 5556 --- [Projfabsoft] [           main] com.zaxxer.hikari.HikariDataSource       : HikariPool-1 - Starting...
2025-04-07T22:02:43.394-03:00  INFO 5556 --- [Projfabsoft] [           main] com.zaxxer.hikari.pool.HikariPool        : HikariPool-1 - Added connection conn0: url=jdbc:h2:file:~/db user=SA
2025-04-07T22:02:43.396-03:00  INFO 5556 --- [Projfabsoft] [           main] com.zaxxer.hikari.HikariDataSource       : HikariPool-1 - Start completed.
2025-04-07T22:02:43.425-03:00  WARN 5556 --- [Projfabsoft] [           main] org.hibernate.orm.deprecation            : HHH90000025: H2Dialect does not need to be specified explicitly using 'hibernate.dialect' (remove the property setting and it will be selected by default)
2025-04-07T22:02:43.451-03:00  INFO 5556 --- [Projfabsoft] [           main] org.hibernate.orm.connections.pooling    : HHH10001005: Database info:
	Database JDBC URL [Connecting through datasource 'HikariDataSource (HikariPool-1)']
	Database driver: undefined/unknown
	Database version: 2.3.232
	Autocommit mode: undefined/unknown
	Isolation level: undefined/unknown
	Minimum pool size: undefined/unknown
	Maximum pool size: undefined/unknown
2025-04-07T22:02:44.185-03:00  INFO 5556 --- [Projfabsoft] [           main] o.h.e.t.j.p.i.JtaPlatformInitiator       : HHH000489: No JTA platform available (set 'hibernate.transaction.jta.platform' to enable JTA platform integration)
2025-04-07T22:02:44.251-03:00  INFO 5556 --- [Projfabsoft] [           main] j.LocalContainerEntityManagerFactoryBean : Initialized JPA EntityManagerFactory for persistence unit 'default'
2025-04-07T22:02:44.400-03:00  WARN 5556 --- [Projfabsoft] [           main] JpaBaseConfiguration$JpaWebConfiguration : spring.jpa.open-in-view is enabled by default. Therefore, database queries may be performed during view rendering. Explicitly configure spring.jpa.open-in-view to disable this warning
2025-04-07T22:02:45.119-03:00  INFO 5556 --- [Projfabsoft] [           main] o.s.b.a.h2.H2ConsoleAutoConfiguration    : H2 console available at '/bancodedados'. Database available at 'jdbc:h2:file:~/db'
2025-04-07T22:02:45.213-03:00  INFO 5556 --- [Projfabsoft] [           main] b.u.p.ProjfabsoftApplicationTests        : Started ProjfabsoftApplicationTests in 4.032 seconds (process running for 4.855)
]]></system-out>
    <system-err><![CDATA[Mockito is currently self-attaching to enable the inline-mock-maker. This will no longer work in future releases of the JDK. Please add Mockito as an agent to your build what is described in Mockito's documentation: https://javadoc.io/doc/org.mockito/mockito-core/latest/org/mockito/Mockito.html#0.3
WARNING: A Java agent has been loaded dynamically (C:\Users\1144006903\.m2\repository\net\bytebuddy\byte-buddy-agent\1.15.11\byte-buddy-agent-1.15.11.jar)
WARNING: If a serviceability tool is in use, please run with -XX:+EnableDynamicAgentLoading to hide this warning
WARNING: If a serviceability tool is not in use, please run with -Djdk.instrument.traceUsage for more information
WARNING: Dynamic loading of agents will be disallowed by default in a future release
]]></system-err>
  </testcase>
</testsuite>